[2024-05-29 15:18:00] production.ERROR: ErrorException: file_put_contents(/var/www/html/storage/framework/cache/data/85/e8/85e8fa5398ee5a9a51b9b343d8734f986c1eac78): Failed to open stream: Permission denied in /var/www/html/vendor/laravel/framework/src/Illuminate/Filesystem/Filesystem.php:187
Stack trace:
#0 [internal function]: Illuminate\Foundation\Bootstrap\HandleExceptions->handleError()
#1 /var/www/html/vendor/laravel/framework/src/Illuminate/Filesystem/Filesystem.php(187): file_put_contents()
#2 /var/www/html/vendor/tastyigniter/flame/src/Filesystem/Filesystem.php(268): Illuminate\Filesystem\Filesystem->put()
#3 /var/www/html/vendor/laravel/framework/src/Illuminate/Cache/FileStore.php(77): Igniter\Flame\Filesystem\Filesystem->put()
#4 /var/www/html/vendor/laravel/framework/src/Illuminate/Cache/FileStore.php(200): Illuminate\Cache\FileStore->put()
#5 /var/www/html/vendor/laravel/framework/src/Illuminate/Cache/Repository.php(363): Illuminate\Cache\FileStore->forever()
#6 /var/www/html/vendor/laravel/framework/src/Illuminate/Cache/Repository.php(426): Illuminate\Cache\Repository->forever()
#7 /var/www/html/vendor/tastyigniter/flame/src/Setting/DatabaseSettingStore.php(337): Illuminate\Cache\Repository->rememberForever()
#8 /var/www/html/vendor/tastyigniter/flame/src/Setting/DatabaseSettingStore.php(231): Igniter\Flame\Setting\DatabaseSettingStore->cacheCallback()
#9 /var/www/html/vendor/tastyigniter/flame/src/Setting/SettingStore.php(138): Igniter\Flame\Setting\DatabaseSettingStore->read()
#10 /var/www/html/vendor/tastyigniter/flame/src/Setting/SettingStore.php(37): Igniter\Flame\Setting\SettingStore->load()
#11 /var/www/html/vendor/laravel/framework/src/Illuminate/Support/Facades/Facade.php(261): Igniter\Flame\Setting\SettingStore->get()
#12 /var/www/html/app/main/ServiceProvider.php(28): Illuminate\Support\Facades\Facade::__callStatic()
#13 /var/www/html/vendor/laravel/framework/src/Illuminate/Container/BoundMethod.php(36): Main\ServiceProvider->boot()
#14 /var/www/html/vendor/laravel/framework/src/Illuminate/Container/Util.php(40): Illuminate\Container\BoundMethod::Illuminate\Container\{closure}()
#15 /var/www/html/vendor/laravel/framework/src/Illuminate/Container/BoundMethod.php(93): Illuminate\Container\Util::unwrapIfClosure()
#16 /var/www/html/vendor/laravel/framework/src/Illuminate/Container/BoundMethod.php(37): Illuminate\Container\BoundMethod::callBoundMethod()
#17 /var/www/html/vendor/laravel/framework/src/Illuminate/Container/Container.php(653): Illuminate\Container\BoundMethod::call()
#18 /var/www/html/vendor/laravel/framework/src/Illuminate/Foundation/Application.php(924): Illuminate\Container\Container->call()
#19 /var/www/html/vendor/laravel/framework/src/Illuminate/Foundation/Application.php(905): Illuminate\Foundation\Application->bootProvider()
#20 [internal function]: Illuminate\Foundation\Application->Illuminate\Foundation\{closure}()
#21 /var/www/html/vendor/laravel/framework/src/Illuminate/Foundation/Application.php(906): array_walk()
#22 /var/www/html/vendor/laravel/framework/src/Illuminate/Foundation/Bootstrap/BootProviders.php(17): Illuminate\Foundation\Application->boot()
#23 /var/www/html/vendor/laravel/framework/src/Illuminate/Foundation/Application.php(237): Illuminate\Foundation\Bootstrap\BootProviders->bootstrap()
#24 /var/www/html/vendor/laravel/framework/src/Illuminate/Foundation/Http/Kernel.php(153): Illuminate\Foundation\Application->bootstrapWith()
#25 /var/www/html/vendor/laravel/framework/src/Illuminate/Foundation/Http/Kernel.php(137): Illuminate\Foundation\Http\Kernel->bootstrap()
#26 /var/www/html/vendor/laravel/framework/src/Illuminate/Foundation/Http/Kernel.php(111): Illuminate\Foundation\Http\Kernel->sendRequestThroughRouter()
#27 /var/www/html/index.php(50): Illuminate\Foundation\Http\Kernel->handle()
#28 {main}  
[2024-05-29 23:19:22] production.ERROR: ErrorException: file_put_contents(/var/www/html/themes/tastyigniter-orange/_partials/payregister/cod.blade.php): Failed to open stream: Permission denied in /var/www/html/vendor/laravel/framework/src/Illuminate/Filesystem/Filesystem.php:187
Stack trace:
#0 [internal function]: Illuminate\Foundation\Bootstrap\HandleExceptions->handleError()
#1 /var/www/html/vendor/laravel/framework/src/Illuminate/Filesystem/Filesystem.php(187): file_put_contents()
#2 /var/www/html/vendor/tastyigniter/flame/src/Filesystem/Filesystem.php(268): Illuminate\Filesystem\Filesystem->put()
#3 /var/www/html/vendor/laravel/framework/src/Illuminate/Support/Facades/Facade.php(261): Igniter\Flame\Filesystem\Filesystem->put()
#4 /var/www/html/app/admin/classes/PaymentGateways.php(205): Illuminate\Support\Facades\Facade::__callStatic()
#5 /var/www/html/app/admin/models/Payments_model.php(249): Admin\Classes\PaymentGateways::createPartials()
#6 /var/www/html/extensions/igniter/payregister/Extension.php(74): Admin\Models\Payments_model::syncAll()
#7 /var/www/html/vendor/laravel/framework/src/Illuminate/Events/Dispatcher.php(404): Igniter\PayRegister\Extension->Igniter\PayRegister\{closure}()
#8 /var/www/html/vendor/laravel/framework/src/Illuminate/Events/Dispatcher.php(249): Illuminate\Events\Dispatcher->Illuminate\Events\{closure}()
#9 /var/www/html/vendor/tastyigniter/flame/src/Events/Dispatcher.php(17): Illuminate\Events\Dispatcher->dispatch()
#10 /var/www/html/vendor/laravel/framework/src/Illuminate/Support/Facades/Facade.php(261): Igniter\Flame\Events\Dispatcher->fire()
#11 /var/www/html/app/system/models/Themes_model.php(333): Illuminate\Support\Facades\Facade::__callStatic()
#12 /var/www/html/app/system/controllers/Themes.php(170): System\Models\Themes_model::activateTheme()
#13 [internal function]: System\Controllers\Themes->index_onSetDefault()
#14 /var/www/html/app/admin/classes/AdminController.php(484): call_user_func_array()
#15 /var/www/html/app/admin/classes/AdminController.php(344): Admin\Classes\AdminController->runHandler()
#16 /var/www/html/app/admin/classes/AdminController.php(223): Admin\Classes\AdminController->processHandlers()
#17 /var/www/html/app/system/classes/Controller.php(115): Admin\Classes\AdminController->remap()
#18 /var/www/html/vendor/laravel/framework/src/Illuminate/Routing/Controller.php(54): System\Classes\Controller->runAdmin()
#19 /var/www/html/vendor/laravel/framework/src/Illuminate/Routing/ControllerDispatcher.php(45): Illuminate\Routing\Controller->callAction()
#20 /var/www/html/vendor/laravel/framework/src/Illuminate/Routing/Route.php(262): Illuminate\Routing\ControllerDispatcher->dispatch()
#21 /var/www/html/vendor/laravel/framework/src/Illuminate/Routing/Route.php(205): Illuminate\Routing\Route->runController()
#22 /var/www/html/vendor/laravel/framework/src/Illuminate/Routing/Router.php(721): Illuminate\Routing\Route->run()
#23 /var/www/html/vendor/laravel/framework/src/Illuminate/Pipeline/Pipeline.php(128): Illuminate\Routing\Router->Illuminate\Routing\{closure}()
#24 /var/www/html/app/admin/middleware/LogUserLastSeen.php(26): Illuminate\Pipeline\Pipeline->Illuminate\Pipeline\{closure}()
#25 /var/www/html/vendor/laravel/framework/src/Illuminate/Pipeline/Pipeline.php(167): Admin\Middleware\LogUserLastSeen->handle()
#26 /var/www/html/vendor/tastyigniter/flame/src/Translation/Middleware/Localization.php(27): Illuminate\Pipeline\Pipeline->Illuminate\Pipeline\{closure}()
#27 /var/www/html/vendor/laravel/framework/src/Illuminate/Pipeline/Pipeline.php(167): Igniter\Flame\Translation\Middleware\Localization->handle()
#28 /var/www/html/vendor/laravel/framework/src/Illuminate/Routing/Middleware/SubstituteBindings.php(50): Illuminate\Pipeline\Pipeline->Illuminate\Pipeline\{closure}()
#29 /var/www/html/vendor/laravel/framework/src/Illuminate/Pipeline/Pipeline.php(167): Illuminate\Routing\Middleware\SubstituteBindings->handle()
#30 /var/www/html/vendor/laravel/framework/src/Illuminate/View/Middleware/ShareErrorsFromSession.php(49): Illuminate\Pipeline\Pipeline->Illuminate\Pipeline\{closure}()
#31 /var/www/html/vendor/laravel/framework/src/Illuminate/Pipeline/Pipeline.php(167): Illuminate\View\Middleware\ShareErrorsFromSession->handle()
#32 /var/www/html/vendor/laravel/framework/src/Illuminate/Session/Middleware/StartSession.php(121): Illuminate\Pipeline\Pipeline->Illuminate\Pipeline\{closure}()
#33 /var/www/html/vendor/laravel/framework/src/Illuminate/Session/Middleware/StartSession.php(64): Illuminate\Session\Middleware\StartSession->handleStatefulRequest()
#34 /var/www/html/vendor/laravel/framework/src/Illuminate/Pipeline/Pipeline.php(167): Illuminate\Session\Middleware\StartSession->handle()
#35 /var/www/html/vendor/laravel/framework/src/Illuminate/Cookie/Middleware/AddQueuedCookiesToResponse.php(37): Illuminate\Pipeline\Pipeline->Illuminate\Pipeline\{closure}()
#36 /var/www/html/vendor/laravel/framework/src/Illuminate/Pipeline/Pipeline.php(167): Illuminate\Cookie\Middleware\AddQueuedCookiesToResponse->handle()
#37 /var/www/html/vendor/laravel/framework/src/Illuminate/Cookie/Middleware/EncryptCookies.php(67): Illuminate\Pipeline\Pipeline->Illuminate\Pipeline\{closure}()
#38 /var/www/html/vendor/laravel/framework/src/Illuminate/Pipeline/Pipeline.php(167): Illuminate\Cookie\Middleware\EncryptCookies->handle()
#39 /var/www/html/vendor/laravel/framework/src/Illuminate/Pipeline/Pipeline.php(103): Illuminate\Pipeline\Pipeline->Illuminate\Pipeline\{closure}()
#40 /var/www/html/vendor/laravel/framework/src/Illuminate/Routing/Router.php(723): Illuminate\Pipeline\Pipeline->then()
#41 /var/www/html/vendor/laravel/framework/src/Illuminate/Routing/Router.php(698): Illuminate\Routing\Router->runRouteWithinStack()
#42 /var/www/html/vendor/laravel/framework/src/Illuminate/Routing/Router.php(662): Illuminate\Routing\Router->runRoute()
#43 /var/www/html/vendor/tastyigniter/flame/src/Router/CoreRouter.php(22): Illuminate\Routing\Router->dispatchToRoute()
#44 /var/www/html/vendor/laravel/framework/src/Illuminate/Foundation/Http/Kernel.php(167): Igniter\Flame\Router\CoreRouter->dispatch()
#45 /var/www/html/vendor/laravel/framework/src/Illuminate/Pipeline/Pipeline.php(128): Illuminate\Foundation\Http\Kernel->Illuminate\Foundation\Http\{closure}()
#46 /var/www/html/vendor/tastyigniter/flame/src/Setting/Middleware/SaveSetting.php(27): Illuminate\Pipeline\Pipeline->Illuminate\Pipeline\{closure}()
#47 /var/www/html/vendor/laravel/framework/src/Illuminate/Pipeline/Pipeline.php(167): Igniter\Flame\Setting\Middleware\SaveSetting->handle()
#48 /var/www/html/vendor/laravel/framework/src/Illuminate/Foundation/Http/Middleware/TransformsRequest.php(21): Illuminate\Pipeline\Pipeline->Illuminate\Pipeline\{closure}()
#49 /var/www/html/vendor/laravel/framework/src/Illuminate/Foundation/Http/Middleware/TrimStrings.php(40): Illuminate\Foundation\Http\Middleware\TransformsRequest->handle()
#50 /var/www/html/vendor/laravel/framework/src/Illuminate/Pipeline/Pipeline.php(167): Illuminate\Foundation\Http\Middleware\TrimStrings->handle()
#51 /var/www/html/vendor/laravel/framework/src/Illuminate/Foundation/Http/Middleware/ValidatePostSize.php(27): Illuminate\Pipeline\Pipeline->Illuminate\Pipeline\{closure}()
#52 /var/www/html/vendor/laravel/framework/src/Illuminate/Pipeline/Pipeline.php(167): Illuminate\Foundation\Http\Middleware\ValidatePostSize->handle()
#53 /var/www/html/vendor/laravel/framework/src/Illuminate/Foundation/Http/Middleware/PreventRequestsDuringMaintenance.php(86): Illuminate\Pipeline\Pipeline->Illuminate\Pipeline\{closure}()
#54 /var/www/html/vendor/laravel/framework/src/Illuminate/Pipeline/Pipeline.php(167): Illuminate\Foundation\Http\Middleware\PreventRequestsDuringMaintenance->handle()
#55 /var/www/html/vendor/fruitcake/laravel-cors/src/HandleCors.php(38): Illuminate\Pipeline\Pipeline->Illuminate\Pipeline\{closure}()
#56 /var/www/html/vendor/laravel/framework/src/Illuminate/Pipeline/Pipeline.php(167): Fruitcake\Cors\HandleCors->handle()
#57 /var/www/html/vendor/fideloper/proxy/src/TrustProxies.php(57): Illuminate\Pipeline\Pipeline->Illuminate\Pipeline\{closure}()
#58 /var/www/html/vendor/laravel/framework/src/Illuminate/Pipeline/Pipeline.php(167): Fideloper\Proxy\TrustProxies->handle()
#59 /var/www/html/vendor/laravel/framework/src/Illuminate/Pipeline/Pipeline.php(103): Illuminate\Pipeline\Pipeline->Illuminate\Pipeline\{closure}()
#60 /var/www/html/vendor/laravel/framework/src/Illuminate/Foundation/Http/Kernel.php(142): Illuminate\Pipeline\Pipeline->then()
#61 /var/www/html/vendor/laravel/framework/src/Illuminate/Foundation/Http/Kernel.php(111): Illuminate\Foundation\Http\Kernel->sendRequestThroughRouter()
#62 /var/www/html/index.php(50): Illuminate\Foundation\Http\Kernel->handle()
#63 {main}  
[2024-05-29 23:20:16] production.ERROR: Intervention\Image\Exception\NotSupportedException: GD Library extension not available with this PHP installation. in /var/www/html/vendor/intervention/image/src/Intervention/Image/Gd/Driver.php:19
Stack trace:
#0 /var/www/html/vendor/intervention/image/src/Intervention/Image/ImageManager.php(112): Intervention\Image\Gd\Driver->__construct()
#1 /var/www/html/vendor/intervention/image/src/Intervention/Image/ImageManager.php(54): Intervention\Image\ImageManager->createDriver()
#2 /var/www/html/vendor/league/glide/src/Api/Api.php(93): Intervention\Image\ImageManager->make()
#3 /var/www/html/vendor/league/glide/src/Server.php(608): League\Glide\Api\Api->run()
#4 /var/www/html/vendor/tastyigniter/flame/src/Database/Attach/Manipulator.php(84): League\Glide\Server->makeImage()
#5 /var/www/html/vendor/tastyigniter/flame/src/Database/Attach/Media.php(585): Igniter\Flame\Database\Attach\Manipulator->manipulate()
#6 /var/www/html/vendor/tastyigniter/flame/src/Database/Attach/Media.php(496): Igniter\Flame\Database\Attach\Media->makeThumb()
#7 /var/www/html/storage/framework/views/f4b808c6f49be7559803b91595a9f5ac.php(26): Igniter\Flame\Database\Attach\Media->getThumb()
#8 /var/www/html/vendor/tastyigniter/flame/src/Pagic/Template.php(121): include('...')
#9 /var/www/html/vendor/tastyigniter/flame/src/Pagic/Template.php(85): Igniter\Flame\Pagic\Template->evaluatePath()
#10 /var/www/html/vendor/tastyigniter/flame/src/Pagic/Template.php(66): Igniter\Flame\Pagic\Template->getContents()
#11 /var/www/html/app/main/classes/MainController.php(628): Igniter\Flame\Pagic\Template->render()
#12 /var/www/html/app/main/classes/MainController.php(710): Main\Classes\MainController->renderPartial()
#13 /var/www/html/storage/framework/views/4a77ca4509e95f1816bf9595cd59b417.php(2): Main\Classes\MainController->renderComponent()
#14 /var/www/html/vendor/tastyigniter/flame/src/Pagic/Template.php(121): include('...')
#15 /var/www/html/vendor/tastyigniter/flame/src/Pagic/Template.php(85): Igniter\Flame\Pagic\Template->evaluatePath()
#16 /var/www/html/vendor/tastyigniter/flame/src/Pagic/Template.php(66): Igniter\Flame\Pagic\Template->getContents()
#17 /var/www/html/app/main/classes/MainController.php(276): Igniter\Flame\Pagic\Template->render()
#18 /var/www/html/app/main/classes/MainController.php(201): Main\Classes\MainController->runPage()
#19 /var/www/html/app/system/classes/Controller.php(97): Main\Classes\MainController->remap()
#20 /var/www/html/vendor/laravel/framework/src/Illuminate/Routing/Controller.php(54): System\Classes\Controller->run()
#21 /var/www/html/vendor/laravel/framework/src/Illuminate/Routing/ControllerDispatcher.php(45): Illuminate\Routing\Controller->callAction()
#22 /var/www/html/vendor/laravel/framework/src/Illuminate/Routing/Route.php(262): Illuminate\Routing\ControllerDispatcher->dispatch()
#23 /var/www/html/vendor/laravel/framework/src/Illuminate/Routing/Route.php(205): Illuminate\Routing\Route->runController()
#24 /var/www/html/vendor/laravel/framework/src/Illuminate/Routing/Router.php(721): Illuminate\Routing\Route->run()
#25 /var/www/html/vendor/laravel/framework/src/Illuminate/Pipeline/Pipeline.php(128): Illuminate\Routing\Router->Illuminate\Routing\{closure}()
#26 /var/www/html/extensions/igniter/user/middleware/ThrottleRequests.php(20): Illuminate\Pipeline\Pipeline->Illuminate\Pipeline\{closure}()
#27 /var/www/html/vendor/laravel/framework/src/Illuminate/Pipeline/Pipeline.php(167): Igniter\User\Middleware\ThrottleRequests->handle()
#28 /var/www/html/vendor/tastyigniter/flame/src/Translation/Middleware/Localization.php(27): Illuminate\Pipeline\Pipeline->Illuminate\Pipeline\{closure}()
#29 /var/www/html/vendor/laravel/framework/src/Illuminate/Pipeline/Pipeline.php(167): Igniter\Flame\Translation\Middleware\Localization->handle()
#30 /var/www/html/vendor/laravel/framework/src/Illuminate/Routing/Middleware/SubstituteBindings.php(50): Illuminate\Pipeline\Pipeline->Illuminate\Pipeline\{closure}()
#31 /var/www/html/vendor/laravel/framework/src/Illuminate/Pipeline/Pipeline.php(167): Illuminate\Routing\Middleware\SubstituteBindings->handle()
#32 /var/www/html/vendor/laravel/framework/src/Illuminate/View/Middleware/ShareErrorsFromSession.php(49): Illuminate\Pipeline\Pipeline->Illuminate\Pipeline\{closure}()
#33 /var/www/html/vendor/laravel/framework/src/Illuminate/Pipeline/Pipeline.php(167): Illuminate\View\Middleware\ShareErrorsFromSession->handle()
#34 /var/www/html/vendor/laravel/framework/src/Illuminate/Session/Middleware/StartSession.php(121): Illuminate\Pipeline\Pipeline->Illuminate\Pipeline\{closure}()
#35 /var/www/html/vendor/laravel/framework/src/Illuminate/Session/Middleware/StartSession.php(64): Illuminate\Session\Middleware\StartSession->handleStatefulRequest()
#36 /var/www/html/vendor/laravel/framework/src/Illuminate/Pipeline/Pipeline.php(167): Illuminate\Session\Middleware\StartSession->handle()
#37 /var/www/html/vendor/laravel/framework/src/Illuminate/Cookie/Middleware/AddQueuedCookiesToResponse.php(37): Illuminate\Pipeline\Pipeline->Illuminate\Pipeline\{closure}()
#38 /var/www/html/vendor/laravel/framework/src/Illuminate/Pipeline/Pipeline.php(167): Illuminate\Cookie\Middleware\AddQueuedCookiesToResponse->handle()
#39 /var/www/html/vendor/laravel/framework/src/Illuminate/Cookie/Middleware/EncryptCookies.php(67): Illuminate\Pipeline\Pipeline->Illuminate\Pipeline\{closure}()
#40 /var/www/html/vendor/laravel/framework/src/Illuminate/Pipeline/Pipeline.php(167): Illuminate\Cookie\Middleware\EncryptCookies->handle()
#41 /var/www/html/vendor/laravel/framework/src/Illuminate/Pipeline/Pipeline.php(103): Illuminate\Pipeline\Pipeline->Illuminate\Pipeline\{closure}()
#42 /var/www/html/vendor/laravel/framework/src/Illuminate/Routing/Router.php(723): Illuminate\Pipeline\Pipeline->then()
#43 /var/www/html/vendor/laravel/framework/src/Illuminate/Routing/Router.php(698): Illuminate\Routing\Router->runRouteWithinStack()
#44 /var/www/html/vendor/laravel/framework/src/Illuminate/Routing/Router.php(662): Illuminate\Routing\Router->runRoute()
#45 /var/www/html/vendor/tastyigniter/flame/src/Router/CoreRouter.php(22): Illuminate\Routing\Router->dispatchToRoute()
#46 /var/www/html/vendor/laravel/framework/src/Illuminate/Foundation/Http/Kernel.php(167): Igniter\Flame\Router\CoreRouter->dispatch()
#47 /var/www/html/vendor/laravel/framework/src/Illuminate/Pipeline/Pipeline.php(128): Illuminate\Foundation\Http\Kernel->Illuminate\Foundation\Http\{closure}()
#48 /var/www/html/vendor/tastyigniter/flame/src/Setting/Middleware/SaveSetting.php(27): Illuminate\Pipeline\Pipeline->Illuminate\Pipeline\{closure}()
#49 /var/www/html/vendor/laravel/framework/src/Illuminate/Pipeline/Pipeline.php(167): Igniter\Flame\Setting\Middleware\SaveSetting->handle()
#50 /var/www/html/vendor/laravel/framework/src/Illuminate/Foundation/Http/Middleware/TransformsRequest.php(21): Illuminate\Pipeline\Pipeline->Illuminate\Pipeline\{closure}()
#51 /var/www/html/vendor/laravel/framework/src/Illuminate/Foundation/Http/Middleware/TrimStrings.php(40): Illuminate\Foundation\Http\Middleware\TransformsRequest->handle()
#52 /var/www/html/vendor/laravel/framework/src/Illuminate/Pipeline/Pipeline.php(167): Illuminate\Foundation\Http\Middleware\TrimStrings->handle()
#53 /var/www/html/vendor/laravel/framework/src/Illuminate/Foundation/Http/Middleware/ValidatePostSize.php(27): Illuminate\Pipeline\Pipeline->Illuminate\Pipeline\{closure}()
#54 /var/www/html/vendor/laravel/framework/src/Illuminate/Pipeline/Pipeline.php(167): Illuminate\Foundation\Http\Middleware\ValidatePostSize->handle()
#55 /var/www/html/vendor/laravel/framework/src/Illuminate/Foundation/Http/Middleware/PreventRequestsDuringMaintenance.php(86): Illuminate\Pipeline\Pipeline->Illuminate\Pipeline\{closure}()
#56 /var/www/html/vendor/laravel/framework/src/Illuminate/Pipeline/Pipeline.php(167): Illuminate\Foundation\Http\Middleware\PreventRequestsDuringMaintenance->handle()
#57 /var/www/html/vendor/fruitcake/laravel-cors/src/HandleCors.php(38): Illuminate\Pipeline\Pipeline->Illuminate\Pipeline\{closure}()
#58 /var/www/html/vendor/laravel/framework/src/Illuminate/Pipeline/Pipeline.php(167): Fruitcake\Cors\HandleCors->handle()
#59 /var/www/html/vendor/fideloper/proxy/src/TrustProxies.php(57): Illuminate\Pipeline\Pipeline->Illuminate\Pipeline\{closure}()
#60 /var/www/html/vendor/laravel/framework/src/Illuminate/Pipeline/Pipeline.php(167): Fideloper\Proxy\TrustProxies->handle()
#61 /var/www/html/vendor/laravel/framework/src/Illuminate/Pipeline/Pipeline.php(103): Illuminate\Pipeline\Pipeline->Illuminate\Pipeline\{closure}()
#62 /var/www/html/vendor/laravel/framework/src/Illuminate/Foundation/Http/Kernel.php(142): Illuminate\Pipeline\Pipeline->then()
#63 /var/www/html/vendor/laravel/framework/src/Illuminate/Foundation/Http/Kernel.php(111): Illuminate\Foundation\Http\Kernel->sendRequestThroughRouter()
#64 /var/www/html/index.php(50): Illuminate\Foundation\Http\Kernel->handle()
#65 {main}

Next ErrorException: GD Library extension not available with this PHP installation. (View: /var/www/html/extensions/igniter/frontend/components/slider/default.blade.php) in /var/www/html/vendor/intervention/image/src/Intervention/Image/Gd/Driver.php:19
Stack trace:
#0 /var/www/html/vendor/tastyigniter/flame/src/Pagic/Template.php(124): Igniter\Flame\Pagic\Template->handleException()
#1 /var/www/html/vendor/tastyigniter/flame/src/Pagic/Template.php(85): Igniter\Flame\Pagic\Template->evaluatePath()
#2 /var/www/html/vendor/tastyigniter/flame/src/Pagic/Template.php(66): Igniter\Flame\Pagic\Template->getContents()
#3 /var/www/html/app/main/classes/MainController.php(628): Igniter\Flame\Pagic\Template->render()
#4 /var/www/html/app/main/classes/MainController.php(710): Main\Classes\MainController->renderPartial()
#5 /var/www/html/storage/framework/views/4a77ca4509e95f1816bf9595cd59b417.php(2): Main\Classes\MainController->renderComponent()
#6 /var/www/html/vendor/tastyigniter/flame/src/Pagic/Template.php(121): include('...')
#7 /var/www/html/vendor/tastyigniter/flame/src/Pagic/Template.php(85): Igniter\Flame\Pagic\Template->evaluatePath()
#8 /var/www/html/vendor/tastyigniter/flame/src/Pagic/Template.php(66): Igniter\Flame\Pagic\Template->getContents()
#9 /var/www/html/app/main/classes/MainController.php(276): Igniter\Flame\Pagic\Template->render()
#10 /var/www/html/app/main/classes/MainController.php(201): Main\Classes\MainController->runPage()
#11 /var/www/html/app/system/classes/Controller.php(97): Main\Classes\MainController->remap()
#12 /var/www/html/vendor/laravel/framework/src/Illuminate/Routing/Controller.php(54): System\Classes\Controller->run()
#13 /var/www/html/vendor/laravel/framework/src/Illuminate/Routing/ControllerDispatcher.php(45): Illuminate\Routing\Controller->callAction()
#14 /var/www/html/vendor/laravel/framework/src/Illuminate/Routing/Route.php(262): Illuminate\Routing\ControllerDispatcher->dispatch()
#15 /var/www/html/vendor/laravel/framework/src/Illuminate/Routing/Route.php(205): Illuminate\Routing\Route->runController()
#16 /var/www/html/vendor/laravel/framework/src/Illuminate/Routing/Router.php(721): Illuminate\Routing\Route->run()
#17 /var/www/html/vendor/laravel/framework/src/Illuminate/Pipeline/Pipeline.php(128): Illuminate\Routing\Router->Illuminate\Routing\{closure}()
#18 /var/www/html/extensions/igniter/user/middleware/ThrottleRequests.php(20): Illuminate\Pipeline\Pipeline->Illuminate\Pipeline\{closure}()
#19 /var/www/html/vendor/laravel/framework/src/Illuminate/Pipeline/Pipeline.php(167): Igniter\User\Middleware\ThrottleRequests->handle()
#20 /var/www/html/vendor/tastyigniter/flame/src/Translation/Middleware/Localization.php(27): Illuminate\Pipeline\Pipeline->Illuminate\Pipeline\{closure}()
#21 /var/www/html/vendor/laravel/framework/src/Illuminate/Pipeline/Pipeline.php(167): Igniter\Flame\Translation\Middleware\Localization->handle()
#22 /var/www/html/vendor/laravel/framework/src/Illuminate/Routing/Middleware/SubstituteBindings.php(50): Illuminate\Pipeline\Pipeline->Illuminate\Pipeline\{closure}()
#23 /var/www/html/vendor/laravel/framework/src/Illuminate/Pipeline/Pipeline.php(167): Illuminate\Routing\Middleware\SubstituteBindings->handle()
#24 /var/www/html/vendor/laravel/framework/src/Illuminate/View/Middleware/ShareErrorsFromSession.php(49): Illuminate\Pipeline\Pipeline->Illuminate\Pipeline\{closure}()
#25 /var/www/html/vendor/laravel/framework/src/Illuminate/Pipeline/Pipeline.php(167): Illuminate\View\Middleware\ShareErrorsFromSession->handle()
#26 /var/www/html/vendor/laravel/framework/src/Illuminate/Session/Middleware/StartSession.php(121): Illuminate\Pipeline\Pipeline->Illuminate\Pipeline\{closure}()
#27 /var/www/html/vendor/laravel/framework/src/Illuminate/Session/Middleware/StartSession.php(64): Illuminate\Session\Middleware\StartSession->handleStatefulRequest()
#28 /var/www/html/vendor/laravel/framework/src/Illuminate/Pipeline/Pipeline.php(167): Illuminate\Session\Middleware\StartSession->handle()
#29 /var/www/html/vendor/laravel/framework/src/Illuminate/Cookie/Middleware/AddQueuedCookiesToResponse.php(37): Illuminate\Pipeline\Pipeline->Illuminate\Pipeline\{closure}()
#30 /var/www/html/vendor/laravel/framework/src/Illuminate/Pipeline/Pipeline.php(167): Illuminate\Cookie\Middleware\AddQueuedCookiesToResponse->handle()
#31 /var/www/html/vendor/laravel/framework/src/Illuminate/Cookie/Middleware/EncryptCookies.php(67): Illuminate\Pipeline\Pipeline->Illuminate\Pipeline\{closure}()
#32 /var/www/html/vendor/laravel/framework/src/Illuminate/Pipeline/Pipeline.php(167): Illuminate\Cookie\Middleware\EncryptCookies->handle()
#33 /var/www/html/vendor/laravel/framework/src/Illuminate/Pipeline/Pipeline.php(103): Illuminate\Pipeline\Pipeline->Illuminate\Pipeline\{closure}()
#34 /var/www/html/vendor/laravel/framework/src/Illuminate/Routing/Router.php(723): Illuminate\Pipeline\Pipeline->then()
#35 /var/www/html/vendor/laravel/framework/src/Illuminate/Routing/Router.php(698): Illuminate\Routing\Router->runRouteWithinStack()
#36 /var/www/html/vendor/laravel/framework/src/Illuminate/Routing/Router.php(662): Illuminate\Routing\Router->runRoute()
#37 /var/www/html/vendor/tastyigniter/flame/src/Router/CoreRouter.php(22): Illuminate\Routing\Router->dispatchToRoute()
#38 /var/www/html/vendor/laravel/framework/src/Illuminate/Foundation/Http/Kernel.php(167): Igniter\Flame\Router\CoreRouter->dispatch()
#39 /var/www/html/vendor/laravel/framework/src/Illuminate/Pipeline/Pipeline.php(128): Illuminate\Foundation\Http\Kernel->Illuminate\Foundation\Http\{closure}()
#40 /var/www/html/vendor/tastyigniter/flame/src/Setting/Middleware/SaveSetting.php(27): Illuminate\Pipeline\Pipeline->Illuminate\Pipeline\{closure}()
#41 /var/www/html/vendor/laravel/framework/src/Illuminate/Pipeline/Pipeline.php(167): Igniter\Flame\Setting\Middleware\SaveSetting->handle()
#42 /var/www/html/vendor/laravel/framework/src/Illuminate/Foundation/Http/Middleware/TransformsRequest.php(21): Illuminate\Pipeline\Pipeline->Illuminate\Pipeline\{closure}()
#43 /var/www/html/vendor/laravel/framework/src/Illuminate/Foundation/Http/Middleware/TrimStrings.php(40): Illuminate\Foundation\Http\Middleware\TransformsRequest->handle()
#44 /var/www/html/vendor/laravel/framework/src/Illuminate/Pipeline/Pipeline.php(167): Illuminate\Foundation\Http\Middleware\TrimStrings->handle()
#45 /var/www/html/vendor/laravel/framework/src/Illuminate/Foundation/Http/Middleware/ValidatePostSize.php(27): Illuminate\Pipeline\Pipeline->Illuminate\Pipeline\{closure}()
#46 /var/www/html/vendor/laravel/framework/src/Illuminate/Pipeline/Pipeline.php(167): Illuminate\Foundation\Http\Middleware\ValidatePostSize->handle()
#47 /var/www/html/vendor/laravel/framework/src/Illuminate/Foundation/Http/Middleware/PreventRequestsDuringMaintenance.php(86): Illuminate\Pipeline\Pipeline->Illuminate\Pipeline\{closure}()
#48 /var/www/html/vendor/laravel/framework/src/Illuminate/Pipeline/Pipeline.php(167): Illuminate\Foundation\Http\Middleware\PreventRequestsDuringMaintenance->handle()
#49 /var/www/html/vendor/fruitcake/laravel-cors/src/HandleCors.php(38): Illuminate\Pipeline\Pipeline->Illuminate\Pipeline\{closure}()
#50 /var/www/html/vendor/laravel/framework/src/Illuminate/Pipeline/Pipeline.php(167): Fruitcake\Cors\HandleCors->handle()
#51 /var/www/html/vendor/fideloper/proxy/src/TrustProxies.php(57): Illuminate\Pipeline\Pipeline->Illuminate\Pipeline\{closure}()
#52 /var/www/html/vendor/laravel/framework/src/Illuminate/Pipeline/Pipeline.php(167): Fideloper\Proxy\TrustProxies->handle()
#53 /var/www/html/vendor/laravel/framework/src/Illuminate/Pipeline/Pipeline.php(103): Illuminate\Pipeline\Pipeline->Illuminate\Pipeline\{closure}()
#54 /var/www/html/vendor/laravel/framework/src/Illuminate/Foundation/Http/Kernel.php(142): Illuminate\Pipeline\Pipeline->then()
#55 /var/www/html/vendor/laravel/framework/src/Illuminate/Foundation/Http/Kernel.php(111): Illuminate\Foundation\Http\Kernel->sendRequestThroughRouter()
#56 /var/www/html/index.php(50): Illuminate\Foundation\Http\Kernel->handle()
#57 {main}

Next ErrorException: GD Library extension not available with this PHP installation. (View: /var/www/html/extensions/igniter/frontend/components/slider/default.blade.php) (View: /var/www/html/themes/tastyigniter-orange/_pages/home.blade.php) in /var/www/html/vendor/intervention/image/src/Intervention/Image/Gd/Driver.php:19
Stack trace:
#0 /var/www/html/vendor/tastyigniter/flame/src/Pagic/Template.php(124): Igniter\Flame\Pagic\Template->handleException()
#1 /var/www/html/vendor/tastyigniter/flame/src/Pagic/Template.php(85): Igniter\Flame\Pagic\Template->evaluatePath()
#2 /var/www/html/vendor/tastyigniter/flame/src/Pagic/Template.php(66): Igniter\Flame\Pagic\Template->getContents()
#3 /var/www/html/app/main/classes/MainController.php(276): Igniter\Flame\Pagic\Template->render()
#4 /var/www/html/app/main/classes/MainController.php(201): Main\Classes\MainController->runPage()
#5 /var/www/html/app/system/classes/Controller.php(97): Main\Classes\MainController->remap()
#6 /var/www/html/vendor/laravel/framework/src/Illuminate/Routing/Controller.php(54): System\Classes\Controller->run()
#7 /var/www/html/vendor/laravel/framework/src/Illuminate/Routing/ControllerDispatcher.php(45): Illuminate\Routing\Controller->callAction()
#8 /var/www/html/vendor/laravel/framework/src/Illuminate/Routing/Route.php(262): Illuminate\Routing\ControllerDispatcher->dispatch()
#9 /var/www/html/vendor/laravel/framework/src/Illuminate/Routing/Route.php(205): Illuminate\Routing\Route->runController()
#10 /var/www/html/vendor/laravel/framework/src/Illuminate/Routing/Router.php(721): Illuminate\Routing\Route->run()
#11 /var/www/html/vendor/laravel/framework/src/Illuminate/Pipeline/Pipeline.php(128): Illuminate\Routing\Router->Illuminate\Routing\{closure}()
#12 /var/www/html/extensions/igniter/user/middleware/ThrottleRequests.php(20): Illuminate\Pipeline\Pipeline->Illuminate\Pipeline\{closure}()
#13 /var/www/html/vendor/laravel/framework/src/Illuminate/Pipeline/Pipeline.php(167): Igniter\User\Middleware\ThrottleRequests->handle()
#14 /var/www/html/vendor/tastyigniter/flame/src/Translation/Middleware/Localization.php(27): Illuminate\Pipeline\Pipeline->Illuminate\Pipeline\{closure}()
#15 /var/www/html/vendor/laravel/framework/src/Illuminate/Pipeline/Pipeline.php(167): Igniter\Flame\Translation\Middleware\Localization->handle()
#16 /var/www/html/vendor/laravel/framework/src/Illuminate/Routing/Middleware/SubstituteBindings.php(50): Illuminate\Pipeline\Pipeline->Illuminate\Pipeline\{closure}()
#17 /var/www/html/vendor/laravel/framework/src/Illuminate/Pipeline/Pipeline.php(167): Illuminate\Routing\Middleware\SubstituteBindings->handle()
#18 /var/www/html/vendor/laravel/framework/src/Illuminate/View/Middleware/ShareErrorsFromSession.php(49): Illuminate\Pipeline\Pipeline->Illuminate\Pipeline\{closure}()
#19 /var/www/html/vendor/laravel/framework/src/Illuminate/Pipeline/Pipeline.php(167): Illuminate\View\Middleware\ShareErrorsFromSession->handle()
#20 /var/www/html/vendor/laravel/framework/src/Illuminate/Session/Middleware/StartSession.php(121): Illuminate\Pipeline\Pipeline->Illuminate\Pipeline\{closure}()
#21 /var/www/html/vendor/laravel/framework/src/Illuminate/Session/Middleware/StartSession.php(64): Illuminate\Session\Middleware\StartSession->handleStatefulRequest()
#22 /var/www/html/vendor/laravel/framework/src/Illuminate/Pipeline/Pipeline.php(167): Illuminate\Session\Middleware\StartSession->handle()
#23 /var/www/html/vendor/laravel/framework/src/Illuminate/Cookie/Middleware/AddQueuedCookiesToResponse.php(37): Illuminate\Pipeline\Pipeline->Illuminate\Pipeline\{closure}()
#24 /var/www/html/vendor/laravel/framework/src/Illuminate/Pipeline/Pipeline.php(167): Illuminate\Cookie\Middleware\AddQueuedCookiesToResponse->handle()
#25 /var/www/html/vendor/laravel/framework/src/Illuminate/Cookie/Middleware/EncryptCookies.php(67): Illuminate\Pipeline\Pipeline->Illuminate\Pipeline\{closure}()
#26 /var/www/html/vendor/laravel/framework/src/Illuminate/Pipeline/Pipeline.php(167): Illuminate\Cookie\Middleware\EncryptCookies->handle()
#27 /var/www/html/vendor/laravel/framework/src/Illuminate/Pipeline/Pipeline.php(103): Illuminate\Pipeline\Pipeline->Illuminate\Pipeline\{closure}()
#28 /var/www/html/vendor/laravel/framework/src/Illuminate/Routing/Router.php(723): Illuminate\Pipeline\Pipeline->then()
#29 /var/www/html/vendor/laravel/framework/src/Illuminate/Routing/Router.php(698): Illuminate\Routing\Router->runRouteWithinStack()
#30 /var/www/html/vendor/laravel/framework/src/Illuminate/Routing/Router.php(662): Illuminate\Routing\Router->runRoute()
#31 /var/www/html/vendor/tastyigniter/flame/src/Router/CoreRouter.php(22): Illuminate\Routing\Router->dispatchToRoute()
#32 /var/www/html/vendor/laravel/framework/src/Illuminate/Foundation/Http/Kernel.php(167): Igniter\Flame\Router\CoreRouter->dispatch()
#33 /var/www/html/vendor/laravel/framework/src/Illuminate/Pipeline/Pipeline.php(128): Illuminate\Foundation\Http\Kernel->Illuminate\Foundation\Http\{closure}()
#34 /var/www/html/vendor/tastyigniter/flame/src/Setting/Middleware/SaveSetting.php(27): Illuminate\Pipeline\Pipeline->Illuminate\Pipeline\{closure}()
#35 /var/www/html/vendor/laravel/framework/src/Illuminate/Pipeline/Pipeline.php(167): Igniter\Flame\Setting\Middleware\SaveSetting->handle()
#36 /var/www/html/vendor/laravel/framework/src/Illuminate/Foundation/Http/Middleware/TransformsRequest.php(21): Illuminate\Pipeline\Pipeline->Illuminate\Pipeline\{closure}()
#37 /var/www/html/vendor/laravel/framework/src/Illuminate/Foundation/Http/Middleware/TrimStrings.php(40): Illuminate\Foundation\Http\Middleware\TransformsRequest->handle()
#38 /var/www/html/vendor/laravel/framework/src/Illuminate/Pipeline/Pipeline.php(167): Illuminate\Foundation\Http\Middleware\TrimStrings->handle()
#39 /var/www/html/vendor/laravel/framework/src/Illuminate/Foundation/Http/Middleware/ValidatePostSize.php(27): Illuminate\Pipeline\Pipeline->Illuminate\Pipeline\{closure}()
#40 /var/www/html/vendor/laravel/framework/src/Illuminate/Pipeline/Pipeline.php(167): Illuminate\Foundation\Http\Middleware\ValidatePostSize->handle()
#41 /var/www/html/vendor/laravel/framework/src/Illuminate/Foundation/Http/Middleware/PreventRequestsDuringMaintenance.php(86): Illuminate\Pipeline\Pipeline->Illuminate\Pipeline\{closure}()
#42 /var/www/html/vendor/laravel/framework/src/Illuminate/Pipeline/Pipeline.php(167): Illuminate\Foundation\Http\Middleware\PreventRequestsDuringMaintenance->handle()
#43 /var/www/html/vendor/fruitcake/laravel-cors/src/HandleCors.php(38): Illuminate\Pipeline\Pipeline->Illuminate\Pipeline\{closure}()
#44 /var/www/html/vendor/laravel/framework/src/Illuminate/Pipeline/Pipeline.php(167): Fruitcake\Cors\HandleCors->handle()
#45 /var/www/html/vendor/fideloper/proxy/src/TrustProxies.php(57): Illuminate\Pipeline\Pipeline->Illuminate\Pipeline\{closure}()
#46 /var/www/html/vendor/laravel/framework/src/Illuminate/Pipeline/Pipeline.php(167): Fideloper\Proxy\TrustProxies->handle()
#47 /var/www/html/vendor/laravel/framework/src/Illuminate/Pipeline/Pipeline.php(103): Illuminate\Pipeline\Pipeline->Illuminate\Pipeline\{closure}()
#48 /var/www/html/vendor/laravel/framework/src/Illuminate/Foundation/Http/Kernel.php(142): Illuminate\Pipeline\Pipeline->then()
#49 /var/www/html/vendor/laravel/framework/src/Illuminate/Foundation/Http/Kernel.php(111): Illuminate\Foundation\Http\Kernel->sendRequestThroughRouter()
#50 /var/www/html/index.php(50): Illuminate\Foundation\Http\Kernel->handle()
#51 {main}  
[2024-05-29 23:21:48] production.DEBUG: Message-ID: <d7c6ef3afdb9d532357db5d5efc60f2a@_>
Date: Wed, 29 May 2024 23:21:48 +0800
Subject: Welcome to Aki Cha Milktea
From: Aki Cha Milktea <admin@domain.tld>
To: xilaja@mailinator.com
MIME-Version: 1.0
Content-Type: multipart/alternative;
 boundary="_=_swift_1716996108_4765df197251f746a10d92a4b25ce02d_=_"

<p>Hi Daria Graham,</p>
<h2>Thank you for registering with Aki Cha Milktea.</h2>
<p>Your account has now been created and you can log in using your email address and password by clicking the button below:</p>
<table class="action" align="center" width="100%" cellpadding="0" cellspacing="0">
    <tr>
        <td>
            <table width="100%" border="0" cellpadding="0" cellspacing="0">
                <tr>
                    <td>
                        <table border="0" cellpadding="0" cellspacing="0">
                            <tr>
                                <td>
                                    <a href="http://akicha.servehttp.com/login" class="button button-primary" target="_blank">Login into your account</a>
                                </td>
                            </tr>
                        </table>
                    </td>
                </tr>
            </table>
        </td>
    </tr>
</table>


Content-Type: text/plain; charset=utf-8
Content-Transfer-Encoding: quoted-printable

Hi Daria Graham,

Thank you for registering with Aki Cha Milktea.

Your account has now been created and you can log in using your email address and password by visiting our website or at the following URL: http://akicha.servehttp.com/login  
